2021-10-20 10:53:42 INFO  core.Corese.init:14 [] - Corese, Inria: Wed Oct 20 10:53:42 CEST 2021
2021-10-20 11:02:42 INFO  core.Corese.init:14 [] - Corese, Inria: Wed Oct 20 11:02:42 CEST 2021
2021-10-20 11:04:03 INFO  core.Corese.init:14 [] - Corese, Inria: Wed Oct 20 11:04:03 CEST 2021
2021-10-20 11:07:25 INFO  core.Corese.init:14 [] - Corese, Inria: Wed Oct 20 11:07:25 CEST 2021
2021-10-20 11:07:37 INFO  core.Corese.init:14 [] - Corese, Inria: Wed Oct 20 11:07:37 CEST 2021
2021-10-20 11:12:33 INFO  core.Corese.init:14 [] - Corese, Inria: Wed Oct 20 11:12:33 CEST 2021
2021-10-20 11:21:00 INFO  core.Corese.init:14 [] - Corese, Inria: Wed Oct 20 11:21:00 CEST 2021
2021-10-20 11:24:45 INFO  core.Corese.init:14 [] - Corese, Inria: Wed Oct 20 11:24:45 CEST 2021
2021-10-20 11:25:40 INFO  core.Corese.init:14 [] - Corese, Inria: Wed Oct 20 11:25:40 CEST 2021
2021-10-20 11:26:01 INFO  core.Corese.init:14 [] - Corese, Inria: Wed Oct 20 11:26:01 CEST 2021
2021-10-20 11:26:42 INFO  core.Corese.init:14 [] - Corese, Inria: Wed Oct 20 11:26:42 CEST 2021
2021-10-20 11:26:50 INFO  core.Corese.init:14 [] - Corese, Inria: Wed Oct 20 11:26:50 CEST 2021
2021-10-20 11:29:29 INFO  core.Corese.init:14 [] - Corese, Inria: Wed Oct 20 11:29:29 CEST 2021
2021-10-20 11:33:14 INFO  core.Corese.init:14 [] - Corese, Inria: Wed Oct 20 11:33:14 CEST 2021
2021-10-20 11:35:12 INFO  core.Corese.init:14 [] - Corese, Inria: Wed Oct 20 11:35:12 CEST 2021
2021-10-20 11:35:25 INFO  core.Corese.init:14 [] - Corese, Inria: Wed Oct 20 11:35:25 CEST 2021
2021-10-20 11:38:08 INFO  core.Corese.init:14 [] - Corese, Inria: Wed Oct 20 11:38:08 CEST 2021
2021-10-20 11:38:32 INFO  core.Corese.init:14 [] - Corese, Inria: Wed Oct 20 11:38:32 CEST 2021
2021-10-20 11:41:10 INFO  core.Corese.init:14 [] - Corese, Inria: Wed Oct 20 11:41:10 CEST 2021
2021-10-20 11:43:13 INFO  core.Corese.init:14 [] - Corese, Inria: Wed Oct 20 11:43:13 CEST 2021
2021-10-20 11:47:19 INFO  core.Corese.init:14 [] - Corese, Inria: Wed Oct 20 11:47:19 CEST 2021
2021-10-20 11:47:30 INFO  core.Corese.init:14 [] - Corese, Inria: Wed Oct 20 11:47:30 CEST 2021
2021-10-20 11:47:39 INFO  core.Corese.init:14 [] - Corese, Inria: Wed Oct 20 11:47:39 CEST 2021
2021-10-20 11:47:40 ERROR transform.Transformer.process:715 [] - No templates
2021-10-20 11:49:02 INFO  core.Corese.init:14 [] - Corese, Inria: Wed Oct 20 11:49:02 CEST 2021
2021-10-20 11:52:48 INFO  core.Corese.init:14 [] - Corese, Inria: Wed Oct 20 11:52:48 CEST 2021
2021-10-20 11:53:04 INFO  core.Corese.init:14 [] - Corese, Inria: Wed Oct 20 11:53:04 CEST 2021
2021-10-20 11:53:49 INFO  core.Corese.init:14 [] - Corese, Inria: Wed Oct 20 11:53:49 CEST 2021
2021-10-20 11:54:00 INFO  core.Corese.init:14 [] - Corese, Inria: Wed Oct 20 11:54:00 CEST 2021
2021-10-20 11:54:11 INFO  core.Corese.init:14 [] - Corese, Inria: Wed Oct 20 11:54:11 CEST 2021
2021-10-20 11:54:34 INFO  core.Corese.init:14 [] - Corese, Inria: Wed Oct 20 11:54:34 CEST 2021
2021-10-20 11:54:59 INFO  core.Corese.init:14 [] - Corese, Inria: Wed Oct 20 11:54:59 CEST 2021
2021-10-20 11:55:08 INFO  core.Corese.init:14 [] - Corese, Inria: Wed Oct 20 11:55:08 CEST 2021
2021-10-20 11:55:17 INFO  core.Corese.init:14 [] - Corese, Inria: Wed Oct 20 11:55:17 CEST 2021
2021-10-20 11:55:35 INFO  core.Corese.init:14 [] - Corese, Inria: Wed Oct 20 11:55:35 CEST 2021
2021-10-20 11:56:01 INFO  core.Corese.init:14 [] - Corese, Inria: Wed Oct 20 11:56:01 CEST 2021
2021-10-20 11:56:14 INFO  core.Corese.init:14 [] - Corese, Inria: Wed Oct 20 11:56:14 CEST 2021
2021-10-20 11:56:34 INFO  core.Corese.init:14 [] - Corese, Inria: Wed Oct 20 11:56:34 CEST 2021
2021-10-20 11:56:57 INFO  core.Corese.init:14 [] - Corese, Inria: Wed Oct 20 11:56:57 CEST 2021
2021-10-20 11:57:59 INFO  core.Corese.init:14 [] - Corese, Inria: Wed Oct 20 11:57:59 CEST 2021
2021-10-20 11:58:04 INFO  core.Corese.init:14 [] - Corese, Inria: Wed Oct 20 11:58:04 CEST 2021
2021-10-20 11:58:05 ERROR parser.ASTQuery.setError:752 [] - Undefined prefix: http:
2021-10-20 11:58:29 INFO  core.Corese.init:14 [] - Corese, Inria: Wed Oct 20 11:58:29 CEST 2021
2021-10-20 11:58:52 INFO  core.Corese.init:14 [] - Corese, Inria: Wed Oct 20 11:58:52 CEST 2021
2021-10-20 11:59:09 INFO  core.Corese.init:14 [] - Corese, Inria: Wed Oct 20 11:59:09 CEST 2021
2021-10-20 11:59:33 INFO  core.Corese.init:14 [] - Corese, Inria: Wed Oct 20 11:59:33 CEST 2021
2021-10-20 11:59:43 INFO  core.Corese.init:14 [] - Corese, Inria: Wed Oct 20 11:59:43 CEST 2021
2021-10-20 12:05:52 INFO  core.Corese.init:14 [] - Corese, Inria: Wed Oct 20 12:05:52 CEST 2021
2021-10-20 12:06:03 INFO  core.Corese.init:14 [] - Corese, Inria: Wed Oct 20 12:06:03 CEST 2021
2021-10-20 12:06:19 INFO  core.Corese.init:14 [] - Corese, Inria: Wed Oct 20 12:06:19 CEST 2021
2021-10-20 12:06:28 INFO  core.Corese.init:14 [] - Corese, Inria: Wed Oct 20 12:06:28 CEST 2021
2021-10-20 13:18:34 INFO  core.Corese.init:14 [] - Corese, Inria: Wed Oct 20 13:18:34 CEST 2021
2021-10-20 13:28:22 INFO  core.Corese.init:14 [] - Corese, Inria: Wed Oct 20 13:28:22 CEST 2021
2021-10-20 13:30:38 INFO  core.Corese.init:14 [] - Corese, Inria: Wed Oct 20 13:30:38 CEST 2021
2021-10-20 13:31:09 INFO  core.Corese.init:14 [] - Corese, Inria: Wed Oct 20 13:31:09 CEST 2021
2021-10-20 13:31:17 INFO  core.Corese.init:14 [] - Corese, Inria: Wed Oct 20 13:31:17 CEST 2021
2021-10-20 13:39:16 INFO  core.Corese.init:14 [] - Corese, Inria: Wed Oct 20 13:39:16 CEST 2021
2021-10-20 13:39:33 INFO  core.Corese.init:14 [] - Corese, Inria: Wed Oct 20 13:39:33 CEST 2021
2021-10-20 13:40:54 INFO  core.Corese.init:14 [] - Corese, Inria: Wed Oct 20 13:40:54 CEST 2021
2021-10-20 13:41:11 INFO  core.Corese.init:14 [] - Corese, Inria: Wed Oct 20 13:41:11 CEST 2021
2021-10-20 13:41:28 INFO  core.Corese.init:14 [] - Corese, Inria: Wed Oct 20 13:41:28 CEST 2021
2021-10-20 13:41:55 INFO  core.Corese.init:14 [] - Corese, Inria: Wed Oct 20 13:41:55 CEST 2021
2021-10-20 13:47:54 INFO  core.Corese.init:14 [] - Corese, Inria: Wed Oct 20 13:47:54 CEST 2021
2021-10-20 13:48:07 INFO  core.Corese.init:14 [] - Corese, Inria: Wed Oct 20 13:48:07 CEST 2021
2021-10-20 13:48:28 INFO  core.Corese.init:14 [] - Corese, Inria: Wed Oct 20 13:48:28 CEST 2021
2021-10-20 13:48:37 INFO  core.Corese.init:14 [] - Corese, Inria: Wed Oct 20 13:48:37 CEST 2021
2021-10-20 13:51:16 INFO  core.Corese.init:14 [] - Corese, Inria: Wed Oct 20 13:51:16 CEST 2021
2021-10-20 13:51:35 INFO  core.Corese.init:14 [] - Corese, Inria: Wed Oct 20 13:51:35 CEST 2021
2021-10-20 13:52:45 INFO  core.Corese.init:14 [] - Corese, Inria: Wed Oct 20 13:52:45 CEST 2021
2021-10-20 13:52:58 INFO  core.Corese.init:14 [] - Corese, Inria: Wed Oct 20 13:52:58 CEST 2021
2021-10-20 13:53:08 INFO  core.Corese.init:14 [] - Corese, Inria: Wed Oct 20 13:53:08 CEST 2021
2021-10-20 13:53:28 INFO  core.Corese.init:14 [] - Corese, Inria: Wed Oct 20 13:53:28 CEST 2021
2021-10-20 13:54:44 INFO  core.Corese.init:14 [] - Corese, Inria: Wed Oct 20 13:54:44 CEST 2021
2021-10-20 13:54:54 INFO  core.Corese.init:14 [] - Corese, Inria: Wed Oct 20 13:54:54 CEST 2021
2021-10-20 13:55:23 INFO  core.Corese.init:14 [] - Corese, Inria: Wed Oct 20 13:55:23 CEST 2021
2021-10-20 13:56:16 INFO  core.Corese.init:14 [] - Corese, Inria: Wed Oct 20 13:56:16 CEST 2021
2021-10-20 13:56:17 ERROR parser.ASTQuery.setError:752 [] - Undefined prefix: ns1-instances:Harry
2021-10-20 13:56:47 INFO  core.Corese.init:14 [] - Corese, Inria: Wed Oct 20 13:56:47 CEST 2021
2021-10-20 13:57:18 INFO  core.Corese.init:14 [] - Corese, Inria: Wed Oct 20 13:57:18 CEST 2021
2021-10-20 13:57:35 INFO  core.Corese.init:14 [] - Corese, Inria: Wed Oct 20 13:57:35 CEST 2021
2021-10-20 13:57:46 INFO  core.Corese.init:14 [] - Corese, Inria: Wed Oct 20 13:57:46 CEST 2021
2021-10-20 13:58:11 INFO  core.Corese.init:14 [] - Corese, Inria: Wed Oct 20 13:58:11 CEST 2021
2021-10-20 13:58:19 INFO  core.Corese.init:14 [] - Corese, Inria: Wed Oct 20 13:58:19 CEST 2021
2021-10-20 13:58:19 ERROR parser.ASTQuery.setError:752 [] - Undefined prefix: http:
2021-10-20 13:58:48 INFO  core.Corese.init:14 [] - Corese, Inria: Wed Oct 20 13:58:48 CEST 2021
2021-10-20 13:59:35 INFO  core.Corese.init:14 [] - Corese, Inria: Wed Oct 20 13:59:35 CEST 2021
2021-10-20 13:59:50 INFO  core.Corese.init:14 [] - Corese, Inria: Wed Oct 20 13:59:50 CEST 2021
2021-10-20 13:59:50 ERROR parser.ASTQuery.setError:752 [] - Undefined prefix: http:
2021-10-20 14:00:59 INFO  core.Corese.init:14 [] - Corese, Inria: Wed Oct 20 14:00:59 CEST 2021
2021-10-20 14:01:18 INFO  core.Corese.init:14 [] - Corese, Inria: Wed Oct 20 14:01:18 CEST 2021
2021-10-20 14:01:19 ERROR parser.ASTQuery.setError:752 [] - Undefined prefix: http:
2021-10-20 14:01:51 INFO  core.Corese.init:14 [] - Corese, Inria: Wed Oct 20 14:01:51 CEST 2021
2021-10-20 14:02:51 INFO  core.Corese.init:14 [] - Corese, Inria: Wed Oct 20 14:02:51 CEST 2021
2021-10-20 14:02:59 INFO  core.Corese.init:14 [] - Corese, Inria: Wed Oct 20 14:02:59 CEST 2021
2021-10-20 14:02:59 ERROR parser.ASTQuery.setError:752 [] - Undefined prefix: ns1:Harry
2021-10-20 14:03:13 INFO  core.Corese.init:14 [] - Corese, Inria: Wed Oct 20 14:03:13 CEST 2021
2021-10-20 14:03:25 INFO  core.Corese.init:14 [] - Corese, Inria: Wed Oct 20 14:03:25 CEST 2021
2021-10-20 14:03:42 INFO  core.Corese.init:14 [] - Corese, Inria: Wed Oct 20 14:03:42 CEST 2021
2021-10-20 14:04:16 INFO  core.Corese.init:14 [] - Corese, Inria: Wed Oct 20 14:04:16 CEST 2021
2021-10-20 14:09:40 INFO  core.Corese.init:14 [] - Corese, Inria: Wed Oct 20 14:09:40 CEST 2021
2021-10-20 14:13:44 INFO  core.Corese.init:14 [] - Corese, Inria: Wed Oct 20 14:13:44 CEST 2021
2021-10-20 14:13:51 INFO  core.Corese.init:14 [] - Corese, Inria: Wed Oct 20 14:13:50 CEST 2021
2021-10-20 14:14:05 INFO  core.Corese.init:14 [] - Corese, Inria: Wed Oct 20 14:14:05 CEST 2021
2021-10-20 14:29:07 INFO  core.Corese.init:14 [] - Corese, Inria: Wed Oct 20 14:29:07 CEST 2021
2021-10-20 14:30:00 INFO  core.Corese.init:14 [] - Corese, Inria: Wed Oct 20 14:30:00 CEST 2021
2021-10-20 15:01:01 INFO  core.Corese.init:14 [] - Corese, Inria: Wed Oct 20 15:01:01 CEST 2021
2021-10-20 15:01:39 INFO  core.Corese.init:14 [] - Corese, Inria: Wed Oct 20 15:01:39 CEST 2021
2021-10-20 15:02:26 INFO  core.Corese.init:14 [] - Corese, Inria: Wed Oct 20 15:02:26 CEST 2021
2021-10-20 15:03:31 INFO  core.Corese.init:14 [] - Corese, Inria: Wed Oct 20 15:03:31 CEST 2021
2021-10-20 15:06:53 INFO  core.Corese.init:14 [] - Corese, Inria: Wed Oct 20 15:06:53 CEST 2021
2021-10-20 15:07:27 INFO  core.Corese.init:14 [] - Corese, Inria: Wed Oct 20 15:07:27 CEST 2021
2021-10-20 17:00:06 INFO  core.Corese.init:14 [] - Corese, Inria: Wed Oct 20 17:00:06 CEST 2021
2021-10-20 17:00:24 INFO  core.Corese.init:14 [] - Corese, Inria: Wed Oct 20 17:00:24 CEST 2021
2021-10-20 17:00:48 INFO  core.Corese.init:14 [] - Corese, Inria: Wed Oct 20 17:00:48 CEST 2021
2021-10-20 17:01:08 INFO  core.Corese.init:14 [] - Corese, Inria: Wed Oct 20 17:01:08 CEST 2021
2021-10-20 17:01:30 INFO  core.Corese.init:14 [] - Corese, Inria: Wed Oct 20 17:01:30 CEST 2021
2021-10-20 17:02:19 INFO  core.Corese.init:14 [] - Corese, Inria: Wed Oct 20 17:02:19 CEST 2021
2021-10-20 17:02:47 INFO  core.Corese.init:14 [] - Corese, Inria: Wed Oct 20 17:02:47 CEST 2021
2021-10-21 10:16:26 INFO  core.Corese.init:14 [] - Corese, Inria: Thu Oct 21 10:16:26 CEST 2021
2021-10-21 10:16:47 INFO  core.Corese.init:14 [] - Corese, Inria: Thu Oct 21 10:16:47 CEST 2021
2021-10-21 10:17:18 INFO  core.Corese.init:14 [] - Corese, Inria: Thu Oct 21 10:17:18 CEST 2021
2021-10-21 10:17:43 INFO  core.Corese.init:14 [] - Corese, Inria: Thu Oct 21 10:17:43 CEST 2021
2021-10-21 10:18:10 INFO  core.Corese.init:14 [] - Corese, Inria: Thu Oct 21 10:18:10 CEST 2021
2021-10-21 10:18:56 INFO  core.Corese.init:14 [] - Corese, Inria: Thu Oct 21 10:18:56 CEST 2021
2021-10-21 10:25:24 INFO  core.Corese.init:14 [] - Corese, Inria: Thu Oct 21 10:25:24 CEST 2021
2021-10-21 10:28:00 INFO  core.Corese.init:14 [] - Corese, Inria: Thu Oct 21 10:28:00 CEST 2021
2021-10-21 10:28:12 INFO  core.Corese.init:14 [] - Corese, Inria: Thu Oct 21 10:28:12 CEST 2021
2021-10-21 10:28:30 INFO  core.Corese.init:14 [] - Corese, Inria: Thu Oct 21 10:28:30 CEST 2021
2021-10-21 10:31:48 INFO  core.Corese.init:14 [] - Corese, Inria: Thu Oct 21 10:31:48 CEST 2021
2021-10-21 13:25:55 INFO  core.Corese.init:14 [] - Corese, Inria: Thu Oct 21 13:25:55 CEST 2021
2021-10-21 13:26:35 INFO  core.Corese.init:14 [] - Corese, Inria: Thu Oct 21 13:26:35 CEST 2021
2021-10-21 13:27:08 INFO  core.Corese.init:14 [] - Corese, Inria: Thu Oct 21 13:27:08 CEST 2021
2021-10-21 13:28:35 INFO  core.Corese.init:14 [] - Corese, Inria: Thu Oct 21 13:28:35 CEST 2021
2021-10-21 13:51:53 INFO  core.Corese.init:14 [] - Corese, Inria: Thu Oct 21 13:51:53 CEST 2021
2021-10-21 13:53:13 INFO  core.Corese.init:14 [] - Corese, Inria: Thu Oct 21 13:53:13 CEST 2021
2021-10-21 13:54:08 INFO  core.Corese.init:14 [] - Corese, Inria: Thu Oct 21 13:54:08 CEST 2021
2021-10-21 13:55:14 INFO  core.Corese.init:14 [] - Corese, Inria: Thu Oct 21 13:55:14 CEST 2021
2021-10-21 14:06:27 INFO  core.Corese.init:14 [] - Corese, Inria: Thu Oct 21 14:06:27 CEST 2021
2021-10-21 14:06:48 INFO  core.Corese.init:14 [] - Corese, Inria: Thu Oct 21 14:06:48 CEST 2021
2021-10-21 14:07:28 INFO  core.Corese.init:14 [] - Corese, Inria: Thu Oct 21 14:07:28 CEST 2021
2021-10-21 14:07:40 INFO  core.Corese.init:14 [] - Corese, Inria: Thu Oct 21 14:07:40 CEST 2021
2021-10-21 14:09:13 INFO  core.Corese.init:14 [] - Corese, Inria: Thu Oct 21 14:09:13 CEST 2021
2021-10-21 14:10:44 INFO  core.Corese.init:14 [] - Corese, Inria: Thu Oct 21 14:10:44 CEST 2021
2021-10-21 14:11:44 INFO  core.Corese.init:14 [] - Corese, Inria: Thu Oct 21 14:11:44 CEST 2021
2021-10-21 14:11:55 INFO  core.Corese.init:14 [] - Corese, Inria: Thu Oct 21 14:11:55 CEST 2021
2021-10-21 14:12:09 INFO  core.Corese.init:14 [] - Corese, Inria: Thu Oct 21 14:12:09 CEST 2021
2021-10-21 14:12:20 INFO  core.Corese.init:14 [] - Corese, Inria: Thu Oct 21 14:12:20 CEST 2021
2021-10-21 14:12:35 INFO  core.Corese.init:14 [] - Corese, Inria: Thu Oct 21 14:12:35 CEST 2021
2021-10-21 14:13:08 INFO  core.Corese.init:14 [] - Corese, Inria: Thu Oct 21 14:13:08 CEST 2021
2021-10-21 14:13:39 INFO  core.Corese.init:14 [] - Corese, Inria: Thu Oct 21 14:13:39 CEST 2021
2021-10-21 14:14:59 INFO  core.Corese.init:14 [] - Corese, Inria: Thu Oct 21 14:14:59 CEST 2021
2021-10-21 14:15:14 INFO  core.Corese.init:14 [] - Corese, Inria: Thu Oct 21 14:15:14 CEST 2021
2021-10-21 14:15:35 INFO  core.Corese.init:14 [] - Corese, Inria: Thu Oct 21 14:15:35 CEST 2021
2021-10-21 14:15:55 INFO  core.Corese.init:14 [] - Corese, Inria: Thu Oct 21 14:15:55 CEST 2021
2021-10-21 14:27:33 INFO  core.Corese.init:14 [] - Corese, Inria: Thu Oct 21 14:27:33 CEST 2021
2021-10-21 14:27:53 INFO  core.Corese.init:14 [] - Corese, Inria: Thu Oct 21 14:27:53 CEST 2021
2021-10-22 14:20:37 INFO  core.Corese.init:14 [] - Corese, Inria: Fri Oct 22 14:20:37 CEST 2021
2021-10-22 14:23:43 INFO  core.Corese.init:14 [] - Corese, Inria: Fri Oct 22 14:23:43 CEST 2021
2021-10-22 14:25:07 INFO  core.Corese.init:14 [] - Corese, Inria: Fri Oct 22 14:25:07 CEST 2021
2021-10-22 14:25:28 INFO  core.Corese.init:14 [] - Corese, Inria: Fri Oct 22 14:25:28 CEST 2021
2021-10-22 14:37:13 INFO  core.Corese.init:14 [] - Corese, Inria: Fri Oct 22 14:37:13 CEST 2021
2021-10-22 14:38:12 INFO  core.Corese.init:14 [] - Corese, Inria: Fri Oct 22 14:38:12 CEST 2021
2021-10-22 14:39:05 INFO  core.Corese.init:14 [] - Corese, Inria: Fri Oct 22 14:39:05 CEST 2021
2021-10-22 14:50:25 INFO  core.Corese.init:14 [] - Corese, Inria: Fri Oct 22 14:50:25 CEST 2021
2021-10-22 14:50:52 INFO  core.Corese.init:14 [] - Corese, Inria: Fri Oct 22 14:50:52 CEST 2021
2021-10-22 14:51:35 INFO  core.Corese.init:14 [] - Corese, Inria: Fri Oct 22 14:51:35 CEST 2021
2021-10-22 14:51:44 INFO  core.Corese.init:14 [] - Corese, Inria: Fri Oct 22 14:51:44 CEST 2021
2021-10-22 14:55:55 INFO  core.Corese.init:14 [] - Corese, Inria: Fri Oct 22 14:55:55 CEST 2021
2021-10-22 14:56:48 INFO  core.Corese.init:14 [] - Corese, Inria: Fri Oct 22 14:56:48 CEST 2021
2021-10-22 14:57:51 INFO  core.Corese.init:14 [] - Corese, Inria: Fri Oct 22 14:57:51 CEST 2021
